[    0.000000] Linux version 4.15.0-212-generic (buildd@lcy02-amd64-083) (gcc version 7.5.0 (Ubuntu 7.5.0-3ubuntu1~18.04)) #223-Ubuntu SMP Tue May 23 13:09:22 UTC 2023 (Ubuntu 4.15.0-212.223-generic 4.15.18)
[    0.000000] Command line: BOOT_IMAGE=/boot/vmlinuz-4.15.0-212-generic root=LABEL=cloudimg-rootfs ro console=tty1 console=ttyS0
[    0.000000] KERNEL supported cpus:
[    0.000000]   Intel GenuineIntel
[    0.000000]   AMD AuthenticAMD
[    0.000000]   Centaur CentaurHauls
[    0.000000] x86/fpu: Supporting XSAVE feature 0x001: 'x87 floating point registers'
[    0.000000] x86/fpu: Supporting XSAVE feature 0x002: 'SSE registers'
[    0.000000] x86/fpu: Supporting XSAVE feature 0x004: 'AVX registers'
[    0.000000] x86/fpu: xstate_offset[2]:  576, xstate_sizes[2]:  256
[    0.000000] x86/fpu: Enabled xstate features 0x7, context size is 832 bytes, using 'standard' format.
[    0.000000] e820: BIOS-provided physical RAM map:
[    0.000000] BIOS-e820: [mem 0x0000000000000000-0x000000000009fbff] usable
[    0.000000] BIOS-e820: [mem 0x000000000009fc00-0x000000000009ffff] reserved
[    0.000000] BIOS-e820: [mem 0x00000000000f0000-0x00000000000fffff] reserved
[    0.000000] BIOS-e820: [mem 0x0000000000100000-0x00000000dffeffff] usable
[    0.000000] BIOS-e820: [mem 0x00000000dfff0000-0x00000000dfffffff] ACPI data
[    0.000000] BIOS-e820: [mem 0x00000000fec00000-0x00000000fec00fff] reserved
[    0.000000] BIOS-e820: [mem 0x00000000fee00000-0x00000000fee00fff] reserved
[    0.000000] BIOS-e820: [mem 0x00000000fffc0000-0x00000000ffffffff] reserved
[    0.000000] BIOS-e820: [mem 0x0000000100000000-0x00000001203fffff] usable
[    0.000000] NX (Execute Disable) protection: active
[    0.000000] SMBIOS 2.5 present.
[    0.000000] DMI: innotek GmbH VirtualBox/VirtualBox, BIOS VirtualBox 12/01/2006
[    0.000000] Hypervisor detected: KVM
[    0.000000] e820: last_pfn = 0x120400 max_arch_pfn = 0x400000000
[    0.000000] MTRR: Disabled
[    0.000000] x86/PAT: MTRRs disabled, skipping PAT initialization too.
[    0.000000] CPU MTRRs all blank - virtualized system.
[    0.000000] x86/PAT: Configuration [0-7]: WB  WT  UC- UC  WB  WT  UC- UC  
[    0.000000] e820: last_pfn = 0xdfff0 max_arch_pfn = 0x400000000
[    0.000000] found SMP MP-table at [mem 0x0009fff0-0x0009ffff]
[    0.000000] Scanning 1 areas for low memory corruption
[    0.000000] RAMDISK: [mem 0x359cb000-0x36cdcfff]
[    0.000000] ACPI: Early table checksum verification disabled
[    0.000000] ACPI: RSDP 0x00000000000E0000 000024 (v02 VBOX  )
[    0.000000] ACPI: XSDT 0x00000000DFFF0030 00003C (v01 VBOX   VBOXXSDT 00000001 ASL  00000061)
[    0.000000] ACPI: FACP 0x00000000DFFF00F0 0000F4 (v04 VBOX   VBOXFACP 00000001 ASL  00000061)
[    0.000000] ACPI: DSDT 0x00000000DFFF0610 002353 (v02 VBOX   VBOXBIOS 00000002 INTL 20200925)
[    0.000000] ACPI: FACS 0x00000000DFFF0200 000040
[    0.000000] ACPI: FACS 0x00000000DFFF0200 000040
[    0.000000] ACPI: APIC 0x00000000DFFF0240 00005C (v02 VBOX   VBOXAPIC 00000001 ASL  00000061)
[    0.000000] ACPI: SSDT 0x00000000DFFF02A0 00036C (v01 VBOX   VBOXCPUT 00000002 INTL 20200925)
[    0.000000] ACPI: Reserving FACP table memory at [mem 0xdfff00f0-0xdfff01e3]
[    0.000000] ACPI: Reserving DSDT table memory at [mem 0xdfff0610-0xdfff2962]
[    0.000000] ACPI: Reserving FACS table memory at [mem 0xdfff0200-0xdfff023f]
[    0.000000] ACPI: Reserving FACS table memory at [mem 0xdfff0200-0xdfff023f]
[    0.000000] ACPI: Reserving APIC table memory at [mem 0xdfff0240-0xdfff029b]
[    0.000000] ACPI: Reserving SSDT table memory at [mem 0xdfff02a0-0xdfff060b]
[    0.000000] No NUMA configuration found
[    0.000000] Faking a node at [mem 0x0000000000000000-0x00000001203fffff]
[    0.000000] NODE_DATA(0) allocated [mem 0x1203d1000-0x1203fbfff]
[    0.000000] kvm-clock: cpu 0, msr 1:20350001, primary cpu clock
[    0.000000] kvm-clock: Using msrs 4b564d01 and 4b564d00
[    0.000000] kvm-clock: using sched offset of 3208155318 cycles
[    0.000000] clocksource: kvm-clock: mask: 0xffffffffffffffff max_cycles: 0x1cd42e4dffb, max_idle_ns: 881590591483 ns
[    0.000000] Section 35 and 36 (node 0) have a circular dependency on usemap and pgdat allocations
[    0.000000] Zone ranges:
[    0.000000]   DMA      [mem 0x0000000000001000-0x0000000000ffffff]
[    0.000000]   DMA32    [mem 0x0000000001000000-0x00000000ffffffff]
[    0.000000]   Normal   [mem 0x0000000100000000-0x00000001203fffff]
[    0.000000]   Device   empty
[    0.000000] Movable zone start for each node
[    0.000000] Early memory node ranges
[    0.000000]   node   0: [mem 0x0000000000001000-0x000000000009efff]
[    0.000000]   node   0: [mem 0x0000000000100000-0x00000000dffeffff]
[    0.000000]   node   0: [mem 0x0000000100000000-0x00000001203fffff]
[    0.000000] Reserved but unavailable: 104 pages
[    0.000000] Initmem setup node 0 [mem 0x0000000000001000-0x00000001203fffff]
[    0.000000] ACPI: PM-Timer IO Port: 0x4008
[    0.000000] IOAPIC[0]: apic_id 2, version 32, address 0xfec00000, GSI 0-23
[    0.000000] ACPI: INT_SRC_OVR (bus 0 bus_irq 0 global_irq 2 dfl dfl)
[    0.000000] ACPI: INT_SRC_OVR (bus 0 bus_irq 9 global_irq 9 low level)
[    0.000000] Using ACPI (MADT) for SMP configuration information
[    0.000000] smpboot: Allowing 2 CPUs, 0 hotplug CPUs
[    0.000000] PM: Registered nosave memory: [mem 0x00000000-0x00000fff]
[    0.000000] PM: Registered nosave memory: [mem 0x0009f000-0x0009ffff]
[    0.000000] PM: Registered nosave memory: [mem 0x000a0000-0x000effff]
[    0.000000] PM: Registered nosave memory: [mem 0x000f0000-0x000fffff]
[    0.000000] PM: Registered nosave memory: [mem 0xdfff0000-0xdfffffff]
[    0.000000] PM: Registered nosave memory: [mem 0xe0000000-0xfebfffff]
[    0.000000] PM: Registered nosave memory: [mem 0xfec00000-0xfec00fff]
[    0.000000] PM: Registered nosave memory: [mem 0xfec01000-0xfedfffff]
[    0.000000] PM: Registered nosave memory: [mem 0xfee00000-0xfee00fff]
[    0.000000] PM: Registered nosave memory: [mem 0xfee01000-0xfffbffff]
[    0.000000] PM: Registered nosave memory: [mem 0xfffc0000-0xffffffff]
[    0.000000] e820: [mem 0xe0000000-0xfebfffff] available for PCI devices
[    0.000000] Booting paravirtualized kernel on KVM
[    0.000000] clocksource: refined-jiffies: mask: 0xffffffff max_cycles: 0xffffffff, max_idle_ns: 7645519600211568 ns
[    0.000000] setup_percpu: NR_CPUS:8192 nr_cpumask_bits:2 nr_cpu_ids:2 nr_node_ids:1
[    0.000000] percpu: Embedded 50 pages/cpu s167936 r8192 d28672 u1048576
[    0.000000] PV qspinlock hash table entries: 256 (order: 0, 4096 bytes)
[    0.000000] Built 1 zonelists, mobility grouping on.  Total pages: 1033065
[    0.000000] Policy zone: Normal
[    0.000000] Kernel command line: BOOT_IMAGE=/boot/vmlinuz-4.15.0-212-generic root=LABEL=cloudimg-rootfs ro console=tty1 console=ttyS0
[    0.000000] Memory: 4015300K/4197944K available (12300K kernel code, 2477K rwdata, 4324K rodata, 2480K init, 2720K bss, 182644K reserved, 0K cma-reserved)
[    0.000000] SLUB: HWalign=64, Order=0-3, MinObjects=0, CPUs=2, Nodes=1
[    0.000000] Kernel/User page tables isolation: enabled
[    0.000000] ftrace: allocating 39508 entries in 155 pages
[    0.004000] Hierarchical RCU implementation.
[    0.004000] 	RCU restricting CPUs from NR_CPUS=8192 to nr_cpu_ids=2.
[    0.004000] 	Tasks RCU enabled.
[    0.004000] RCU: Adjusting geometry for rcu_fanout_leaf=16, nr_cpu_ids=2
[    0.004000] NR_IRQS: 524544, nr_irqs: 440, preallocated irqs: 16
[    0.004000] Console: colour VGA+ 80x25
[    0.004000] console [tty1] enabled
[    0.004000] console [ttyS0] enabled
[    0.004000] ACPI: Core revision 20170831
[    0.004000] ACPI: 2 ACPI AML tables successfully acquired and loaded
[    0.004000] APIC: Switch to symmetric I/O mode setup
[    0.004000] x2apic enabled
[    0.004000] Switched APIC routing to physical x2apic.
[    0.004000] ..TIMER: vector=0x30 apic1=0 pin1=2 apic2=-1 pin2=-1
[    0.004000] tsc: Detected 2494.332 MHz processor
[    0.004000] Calibrating delay loop (skipped) preset value.. 4988.66 BogoMIPS (lpj=9977328)
[    0.004007] pid_max: default: 32768 minimum: 301
[    0.006960] Security Framework initialized
[    0.008005] Yama: becoming mindful.
[    0.012057] AppArmor: AppArmor initialized
[    0.017165] Dentry cache hash table entries: 524288 (order: 10, 4194304 bytes)
[    0.024075] Inode-cache hash table entries: 262144 (order: 9, 2097152 bytes)
[    0.026105] Mount-cache hash table entries: 8192 (order: 4, 65536 bytes)
[    0.028017] Mountpoint-cache hash table entries: 8192 (order: 4, 65536 bytes)
[    0.032400] Last level iTLB entries: 4KB 512, 2MB 8, 4MB 8
[    0.036005] Last level dTLB entries: 4KB 512, 2MB 32, 4MB 32, 1GB 0
[    0.040004] Spectre V1 : Mitigation: usercopy/swapgs barriers and __user pointer sanitization
[    0.042748] Spectre V2 : Mitigation: Retpolines
[    0.044003] Spectre V2 : Spectre v2 / SpectreRSB mitigation: Filling RSB on context switch
[    0.048003] Spectre V2 : Spectre v2 / SpectreRSB : Filling RSB on VMEXIT
[    0.050239] Speculative Store Bypass: Vulnerable
[    0.052039] MDS: Mitigation: Clear CPU buffers
[    0.053621] MMIO Stale Data: Unknown: No mitigations
[    0.056196] Freeing SMP alternatives memory: 36K
[    0.171332] smpboot: CPU0: Intel(R) Core(TM) i3-3120M CPU @ 2.50GHz (family: 0x6, model: 0x3a, stepping: 0x9)
[    0.172000] Performance Events: unsupported p6 CPU model 58 no PMU driver, software events only.
[    0.172079] Hierarchical SRCU implementation.
[    0.176228] NMI watchdog: Perf event create on CPU 0 failed with -2
[    0.178053] NMI watchdog: Perf NMI watchdog permanently disabled
[    0.180023] smp: Bringing up secondary CPUs ...
[    0.181819] x86: Booting SMP configuration:
[    0.183203] .... node  #0, CPUs:      #1
[    0.004000] kvm-clock: cpu 1, msr 1:20350041, secondary cpu clock
[    0.187853] smp: Brought up 1 node, 2 CPUs
[    0.188008] smpboot: Max logical packages: 1
[    0.189258] smpboot: Total of 2 processors activated (9977.32 BogoMIPS)
[    0.192242] devtmpfs: initialized
[    0.192885] x86/mm: Memory block size: 128MB
[    0.194317] evm: security.selinux
[    0.195140] evm: security.SMACK64
[    0.196004] evm: security.SMACK64EXEC
[    0.196946] evm: security.SMACK64TRANSMUTE
[    0.197860] evm: security.SMACK64MMAP
[    0.198733] evm: security.apparmor
[    0.200004] evm: security.ima
[    0.200807] evm: security.capability
[    0.201756] clocksource: jiffies: mask: 0xffffffff max_cycles: 0xffffffff, max_idle_ns: 7645041785100000 ns
[    0.204021] futex hash table entries: 512 (order: 3, 32768 bytes)
[    0.205352] pinctrl core: initialized pinctrl subsystem
[    0.206739] RTC time:  6:03:37, date: 11/22/23
[    0.208348] NET: Registered protocol family 16
[    0.209400] audit: initializing netlink subsys (disabled)
[    0.210682] audit: type=2000 audit(1700633022.268:1): state=initialized audit_enabled=0 res=1
[    0.212015] cpuidle: using governor ladder
[    0.213358] cpuidle: using governor menu
[    0.214696] ACPI: bus type PCI registered
[    0.215996] acpiphp: ACPI Hot Plug PCI Controller Driver version: 0.5
[    0.216061] PCI: Using configuration type 1 for base access
[    0.220587] HugeTLB registered 2.00 MiB page size, pre-allocated 0 pages
[    0.224147] ACPI: Added _OSI(Module Device)
[    0.225453] ACPI: Added _OSI(Processor Device)
[    0.226819] ACPI: Added _OSI(3.0 _SCP Extensions)
[    0.228012] ACPI: Added _OSI(Processor Aggregator Device)
[    0.229726] ACPI: Added _OSI(Linux-Dell-Video)
[    0.232005] ACPI: Added _OSI(Linux-Lenovo-NV-HDMI-Audio)
[    0.233627] ACPI: Added _OSI(Linux-HPI-Hybrid-Graphics)
[    0.236279] ACPI: Executed 1 blocks of module-level executable AML code
[    0.242528] ACPI: Interpreter enabled
[    0.243774] ACPI: (supports S0 S5)
[    0.244004] ACPI: Using IOAPIC for interrupt routing
[    0.245930] PCI: Using host bridge windows from ACPI; if necessary, use "pci=nocrs" and report a bug
[    0.248202] ACPI: Enabled 2 GPEs in block 00 to 07
[    0.259789] ACPI: PCI Root Bridge [PCI0] (domain 0000 [bus 00-ff])
[    0.260012] acpi PNP0A03:00: _OSC: OS supports [ASPM ClockPM Segments MSI]
[    0.264781] acpi PNP0A03:00: _OSC: not requesting OS control; OS requires [ExtendedConfig ASPM ClockPM MSI]
[    0.267774] acpi PNP0A03:00: fail to add MMCONFIG information, can't access extended PCI configuration space under this bridge.
[    0.268509] PCI host bridge to bus 0000:00
[    0.272006] pci_bus 0000:00: root bus resource [io  0x0000-0x0cf7 window]
[    0.274063] pci_bus 0000:00: root bus resource [io  0x0d00-0xffff window]
[    0.276009] pci_bus 0000:00: root bus resource [mem 0x000a0000-0x000bffff window]
[    0.278398] pci_bus 0000:00: root bus resource [mem 0xe0000000-0xfdffffff window]
[    0.280005] pci_bus 0000:00: root bus resource [bus 00-ff]
[    0.286168] pci 0000:00:01.1: legacy IDE quirk: reg 0x10: [io  0x01f0-0x01f7]
[    0.288005] pci 0000:00:01.1: legacy IDE quirk: reg 0x14: [io  0x03f6]
[    0.289985] pci 0000:00:01.1: legacy IDE quirk: reg 0x18: [io  0x0170-0x0177]
[    0.292005] pci 0000:00:01.1: legacy IDE quirk: reg 0x1c: [io  0x0376]
[    0.349945] pci 0000:00:07.0: quirk: [io  0x4000-0x403f] claimed by PIIX4 ACPI
[    0.352028] pci 0000:00:07.0: quirk: [io  0x4100-0x410f] claimed by PIIX4 SMB
[    0.400392] ACPI: PCI Interrupt Link [LNKA] (IRQs 5 9 10 *11)
[    0.403435] ACPI: PCI Interrupt Link [LNKB] (IRQs 5 9 *10 11)
[    0.404288] ACPI: PCI Interrupt Link [LNKC] (IRQs 5 *9 10 11)
[    0.408207] ACPI: PCI Interrupt Link [LNKD] (IRQs 5 9 10 *11)
[    0.410078] SCSI subsystem initialized
[    0.412056] pci 0000:00:02.0: vgaarb: setting as boot VGA device
[    0.413785] pci 0000:00:02.0: vgaarb: VGA device added: decodes=io+mem,owns=io+mem,locks=none
[    0.416011] pci 0000:00:02.0: vgaarb: bridge control possible
[    0.417844] vgaarb: loaded
[    0.418690] ACPI: bus type USB registered
[    0.420026] usbcore: registered new interface driver usbfs
[    0.421569] usbcore: registered new interface driver hub
[    0.423110] usbcore: registered new device driver usb
[    0.424065] EDAC MC: Ver: 3.0.0
[    0.425247] PCI: Using ACPI for IRQ routing
[    0.428132] NetLabel: Initializing
[    0.429249] NetLabel:  domain hash size = 128
[    0.430441] NetLabel:  protocols = UNLABELED CIPSOv4 CALIPSO
[    0.432198] NetLabel:  unlabeled traffic allowed by default
[    0.433865] clocksource: Switched to clocksource kvm-clock
[    0.441829] VFS: Disk quotas dquot_6.6.0
[    0.441829] VFS: Dquot-cache hash table entries: 512 (order 0, 4096 bytes)
[    0.441829] AppArmor: AppArmor Filesystem Enabled
[    0.441829] pnp: PnP ACPI init
[    0.441829] pnp: PnP ACPI: found 3 devices
[    0.468508] clocksource: acpi_pm: mask: 0xffffff max_cycles: 0xffffff, max_idle_ns: 2085701024 ns
[    0.471169] NET: Registered protocol family 2
[    0.472499] IP idents hash table entries: 65536 (order: 7, 524288 bytes)
[    0.475083] TCP established hash table entries: 32768 (order: 6, 262144 bytes)
[    0.477230] TCP bind hash table entries: 32768 (order: 7, 524288 bytes)
[    0.479270] TCP: Hash tables configured (established 32768 bind 32768)
[    0.481139] UDP hash table entries: 2048 (order: 4, 65536 bytes)
[    0.482911] UDP-Lite hash table entries: 2048 (order: 4, 65536 bytes)
[    0.484683] NET: Registered protocol family 1
[    0.485947] pci 0000:00:00.0: Limiting direct PCI/PCI transfers
[    0.486883] pci 0000:00:01.0: Activating ISA DMA hang workarounds
[    0.486883] pci 0000:00:02.0: Video device with shadowed ROM at [mem 0x000c0000-0x000dffff]
[    0.486883] Unpacking initramfs...
[    0.809197] Freeing initrd memory: 19528K
[    0.810588] PCI-DMA: Using software bounce buffering for IO (SWIOTLB)
[    0.812581] software IO TLB: mapped [mem 0xdbff0000-0xdfff0000] (64MB)
[    0.814332] clocksource: tsc: mask: 0xffffffffffffffff max_cycles: 0x23f44f92df3, max_idle_ns: 440795329494 ns
[    0.816552] platform rtc_cmos: registered platform RTC device (no PNP device found)
[    0.818424] Scanning for low memory corruption every 60 seconds
[    0.820760] Initialise system trusted keyrings
[    0.822059] Key type blacklist registered
[    0.823199] workingset: timestamp_bits=36 max_order=20 bucket_order=0
[    0.826557] zbud: loaded
[    0.828119] squashfs: version 4.0 (2009/01/31) Phillip Lougher
[    0.830003] fuse init (API version 7.26)
[    0.833741] Key type asymmetric registered
[    0.834945] Asymmetric key parser 'x509' registered
[    0.836370] Block layer SCSI generic (bsg) driver version 0.4 loaded (major 246)
[    0.838493] io scheduler noop registered
[    0.839636] io scheduler deadline registered
[    0.840963] io scheduler cfq registered (default)
[    0.842672] ACPI: AC Adapter [AC] (on-line)
[    0.843931] input: Power Button as /devices/LNXSYSTM:00/LNXPWRBN:00/input/input0
[    0.846073] ACPI: Power Button [PWRF]
[    0.847200] input: Sleep Button as /devices/LNXSYSTM:00/LNXSLPBN:00/input/input1
[    0.849374] ACPI: Sleep Button [SLPF]
[    0.850818] Serial: 8250/16550 driver, 32 ports, IRQ sharing enabled
[    0.873406] 00:02: ttyS0 at I/O 0x3f8 (irq = 4, base_baud = 115200) is a 16550A
[    0.879018] Linux agpgart interface v0.103
[    0.882448] loop: module loaded
[    0.884263] scsi host0: ata_piix
[    0.885491] scsi host1: ata_piix
[    0.886444] ata1: PATA max UDMA/33 cmd 0x1f0 ctl 0x3f6 bmdma 0xd000 irq 14
[    0.888343] ata2: PATA max UDMA/33 cmd 0x170 ctl 0x376 bmdma 0xd008 irq 15
[    0.890830] tun: Universal TUN/TAP device driver, 1.6
[    0.893076] PPP generic driver version 2.4.2
[    0.894365] ehci_hcd: USB 2.0 'Enhanced' Host Controller (EHCI) Driver
[    0.896138] ehci-pci: EHCI PCI platform driver
[    0.897429] ehci-platform: EHCI generic platform driver
[    0.898730] ohci_hcd: USB 1.1 'Open' Host Controller (OHCI) Driver
[    0.900355] ohci-pci: OHCI PCI platform driver
[    0.901404] ohci-platform: OHCI generic platform driver
[    0.902873] uhci_hcd: USB Universal Host Controller Interface driver
[    0.904705] i8042: PNP: PS/2 Controller [PNP0303:PS2K,PNP0f03:PS2M] at 0x60,0x64 irq 1,12
[    0.907462] serio: i8042 KBD port at 0x60,0x64 irq 1
[    0.908967] serio: i8042 AUX port at 0x60,0x64 irq 12
[    0.910616] mousedev: PS/2 mouse device common for all mice
[    0.913270] input: AT Translated Set 2 keyboard as /devices/platform/i8042/serio0/input/input2
[    0.915976] rtc_cmos rtc_cmos: rtc core: registered rtc_cmos as rtc0
[    0.917908] rtc_cmos rtc_cmos: alarms up to one day, 114 bytes nvram
[    0.919649] i2c /dev entries driver
[    0.920755] device-mapper: uevent: version 1.0.3
[    0.922259] device-mapper: ioctl: 4.37.0-ioctl (2017-09-20) initialised: dm-devel@redhat.com
[    0.924626] ledtrig-cpu: registered to indicate activity on CPUs
[    0.926738] NET: Registered protocol family 10
[    0.933571] Segment Routing with IPv6
[    0.934754] NET: Registered protocol family 17
[    0.936077] Key type dns_resolver registered
[    0.937572] mce: Using 0 MCE banks
[    0.938559] RAS: Correctable Errors collector initialized.
[    0.940087] sched_clock: Marking stable (940044515, 0)->(1245747850, -305703335)
[    0.942632] registered taskstats version 1
[    0.943783] Loading compiled-in X.509 certificates
[    0.948031] Loaded X.509 cert 'Build time autogenerated kernel key: b5b26778eaa3ab3a4a6cee031137706e947d12ad'
[    0.951709] Loaded X.509 cert 'Canonical Ltd. Live Patch Signing: 14df34d1a87cf37625abec039ef2bf521249b969'
[    0.955278] Loaded X.509 cert 'Canonical Ltd. Kernel Module Signing: 88f752e560a1e0737e31163a466ad7b70a850c19'
[    0.958085] blacklist: Loading compiled-in revocation X.509 certificates
[    0.959950] Loaded X.509 cert 'Canonical Ltd. Secure Boot Signing: 61482aa2830d0ab2ad5af10b7250da9033ddcef0'
[    0.962747] Loaded X.509 cert 'Canonical Ltd. Secure Boot Signing (2017): 242ade75ac4a15e50d50c84b0d45ff3eae707a03'
[    0.965638] Loaded X.509 cert 'Canonical Ltd. Secure Boot Signing (ESM 2018): 365188c1d374d6b07c3c8f240f8ef722433d6a8b'
[    0.968647] Loaded X.509 cert 'Canonical Ltd. Secure Boot Signing (2019): c0746fd6c5da3ae827864651ad66ae47fe24b3e8'
[    0.971461] Loaded X.509 cert 'Canonical Ltd. Secure Boot Signing (2021 v1): a8d54bbb3825cfb94fa13c9f8a594a195c107b8d'
[    0.974480] Loaded X.509 cert 'Canonical Ltd. Secure Boot Signing (2021 v2): 4cf046892d6fd3c9a5b03f98d845f90851dc6a8c'
[    0.977414] Loaded X.509 cert 'Canonical Ltd. Secure Boot Signing (2021 v3): 100437bb6de6e469b581e61cd66bce3ef4ed53af'
[    0.980396] Loaded X.509 cert 'Canonical Ltd. Secure Boot Signing (Ubuntu Core 2019): c1d57b8f6b743f23ee41f4f7ee292f06eecadfb9'
[    0.983508] zswap: loaded using pool lzo/zbud
[    0.989324] Key type big_key registered
[    0.990493] Key type trusted registered
[    0.994255] Key type encrypted registered
[    0.995524] AppArmor: AppArmor sha1 policy hashing enabled
[    0.997073] ima: No TPM chip found, activating TPM-bypass! (rc=-19)
[    0.998752] ima: Allocated hash algorithm: sha1
[    1.000076] evm: HMAC attrs: 0x1
[    1.001344]   Magic number: 15:830:64
[    1.002506] rtc_cmos rtc_cmos: setting system clock to 2023-11-22 06:03:38 UTC (1700633018)
[    1.004952] BIOS EDD facility v0.16 2004-Jun-25, 0 devices found
[    1.006579] EDD information not available.
[    1.077184] Freeing unused kernel image memory: 2480K
[    1.095308] Write protecting the kernel read-only data: 20480k
[    1.098585] Freeing unused kernel image memory: 2008K
[    1.101384] Freeing unused kernel image memory: 1820K
[    1.112408] x86/mm: Checked W+X mappings: passed, no W+X pages found.
[    1.114480] x86/mm: Checking user space page tables
[    1.134360] x86/mm: Checked W+X mappings: passed, no W+X pages found.
Loading, please wait...
starting version 237
[    1.243128] e1000: Intel(R) PRO/1000 Network Driver - version 7.3.21-k8-NAPI
[    1.247548] e1000: Copyright (c) 1999-2006 Intel Corporation.
[    1.252733] Fusion MPT base driver 3.04.20
[    1.254859] Copyright (c) 1999-2008 LSI Corporation
[    1.271536] Fusion MPT SPI Host driver 3.04.20
[    1.490622] input: ImExPS/2 Generic Explorer Mouse as /devices/platform/i8042/serio1/input/input4
[    1.646248] e1000 0000:00:03.0 eth0: (PCI:33MHz:32-bit) 02:3b:7b:b7:3b:2d
[    1.648641] e1000 0000:00:03.0 eth0: Intel(R) PRO/1000 Network Connection
[    1.653015] mptbase: ioc0: Initiating bringup
[    1.760558] ioc0: LSI53C1030 A0: Capabilities={Initiator}
[    2.005401] scsi host2: ioc0: LSI53C1030 A0, FwRev=00000000h, Ports=1, MaxQ=256, IRQ=20
[    2.177494] scsi 2:0:0:0: Direct-Access     VBOX     HARDDISK         1.0  PQ: 0 ANSI: 5
[    2.216124] scsi target2:0:0: Beginning Domain Validation
[    2.220934] scsi target2:0:0: Domain Validation skipping write tests
[    2.222773] scsi target2:0:0: Ending Domain Validation
[    2.224452] scsi target2:0:0: asynchronous
[    2.227526] scsi 2:0:1:0: Direct-Access     VBOX     HARDDISK         1.0  PQ: 0 ANSI: 5
[    2.540075] scsi target2:0:1: Beginning Domain Validation
[    2.543791] scsi target2:0:1: Domain Validation skipping write tests
[    2.546073] scsi target2:0:1: Ending Domain Validation
[    2.547959] scsi target2:0:1: asynchronous
[    2.554743] sd 2:0:0:0: Attached scsi generic sg0 type 0
[    2.554966] sd 2:0:0:0: [sda] 83886080 512-byte logical blocks: (42.9 GB/40.0 GiB)
[    2.559920] sd 2:0:1:0: Attached scsi generic sg1 type 0
[    2.560470] sd 2:0:0:0: [sda] Write Protect is off
[    2.565254] sd 2:0:1:0: [sdb] 20480 512-byte logical blocks: (10.5 MB/10.0 MiB)
[    2.566043] sd 2:0:0:0: [sda] Incomplete mode parameter data
[    2.571610] sd 2:0:0:0: [sda] Assuming drive cache: write through
[    2.571631] sd 2:0:1:0: [sdb] Write Protect is off
[    2.576883] sd 2:0:1:0: [sdb] Incomplete mode parameter data
[    2.580299] sd 2:0:1:0: [sdb] Assuming drive cache: write through
[    2.592218] e1000 0000:00:08.0 eth1: (PCI:33MHz:32-bit) 08:00:27:a3:f1:29
[    2.594676] e1000 0000:00:08.0 eth1: Intel(R) PRO/1000 Network Connection
[    2.594694]  sda: sda1
[    2.597694] sd 2:0:1:0: [sdb] Attached SCSI disk
[    2.600925] sd 2:0:0:0: [sda] Attached SCSI disk
[    2.606213] e1000 0000:00:08.0 enp0s8: renamed from eth1
[    2.629825] e1000 0000:00:03.0 enp0s3: renamed from eth0
Begin: Loading essential drivers ... [    4.324165] raid6: sse2x1   gen()  9091 MB/s
[    4.372446] raid6: sse2x1   xor()  4939 MB/s
[    4.428606] raid6: sse2x2   gen() 10133 MB/s
[    4.476088] raid6: sse2x2   xor()  5668 MB/s
[    4.524385] raid6: sse2x4   gen()  8663 MB/s
[    4.577482] raid6: sse2x4   xor()  5174 MB/s
[    4.579581] raid6: using algorithm sse2x2 gen() 10133 MB/s
[    4.581794] raid6: .... xor() 5668 MB/s, rmw enabled
[    4.583191] raid6: using ssse3x2 recovery algorithm
[    4.589105] xor: automatically using best checksumming function   avx       
[    4.596950] async_tx: api initialized (async)
done.
Begin: Running /scripts/init-premount ... done.
Begin: Mounting root file system ... Begin: Running /scripts/local-top ... done.
Begin: Running /scripts/local-premount ... [    4.668604] Btrfs loaded, crc32c=crc32c-intel
Scanning for Btrfs filesystems
done.
Warning: fsck not present, so skipping root file system
[    4.708593] EXT4-fs (sda1): mounted filesystem with ordered data mode. Opts: (null)
done.
Begin: Running /scripts/local-bottom ... done.
Begin: Running /scripts/init-bottom ... done.
[    5.001391] ip_tables: (C) 2000-2006 Netfilter Core Team
[    5.024441] systemd[1]: systemd 237 running in system mode. (+PAM +AUDIT +SELINUX +IMA +APPARMOR +SMACK +SYSVINIT +UTMP +LIBCRYPTSETUP +GCRYPT +GNUTLS +ACL +XZ +LZ4 +SECCOMP +BLKID +ELFUTILS +KMOD -IDN2 +IDN -PCRE2 default-hierarchy=hybrid)
[    5.032845] systemd[1]: Detected virtualization oracle.
[    5.035013] systemd[1]: Detected architecture x86-64.

Welcome to [1mUbuntu 18.04.6 LTS[0m!

[    5.046031] systemd[1]: Set hostname to <ubuntu-bionic>.
[    5.553382] random: systemd: uninitialized urandom read (16 bytes read)
[    5.555082] systemd[1]: Started Forward Password Requests to Wall Directory Watch.
[[0;32m  OK  [0m] Started Forward Password Requests to Wall Directory Watch.
[    5.568238] random: systemd: uninitialized urandom read (16 bytes read)
[    5.570365] systemd[1]: Reached target System Time Synchronized.
[[0;32m  OK  [0m] Reached target System Time Synchronized.
[    5.573491] random: systemd: uninitialized urandom read (16 bytes read)
[    5.575388] systemd[1]: Set up automount Arbitrary Executable File Formats File System Automount Point.
[[0;32m  OK  [0m] Set up automount Arbitrary Executab…rmats File System Automount Point.
[    5.579471] systemd[1]: Reached target User and Group Name Lookups.
[[0;32m  OK  [0m] Reached target User and Group Name Lookups.
[    5.583714] systemd[1]: Created slice User and Session Slice.
[[0;32m  OK  [0m] Created slice User and Session Slice.
[    5.586447] systemd[1]: Reached target Mounting snaps.
[[0;32m  OK  [0m] Reached target Mounting snaps.
[[0;32m  OK  [0m] Reached target Mounted snaps.
[[0;32m  OK  [0m] Created slice System Slice.
[[0;32m  OK  [0m] Reached target Slices.
[[0;32m  OK  [0m] Listening on Network Service Netlink Socket.
[[0;32m  OK  [0m] Listening on Journal Audit Socket.
[[0;32m  OK  [0m] Listening on udev Control Socket.
[[0;32m  OK  [0m] Listening on Journal Socket (/dev/log).
[[0;32m  OK  [0m] Listening on /dev/initctl Compatibility Named Pipe.
[[0;32m  OK  [0m] Listening on Syslog Socket.
[[0;32m  OK  [0m] Created slice system-serial\x2dgetty.slice.
[[0;32m  OK  [0m] Listening on Journal Socket.
         Mounting Kernel Debug File System...
         Mounting Huge Pages File System...
         Starting Journal Service...
         Starting Load Kernel Modules...
         Starting Uncomplicated firewall...
         Mounting POSIX Message Queue File System...
         Starting Set the console keyboard layout...
[[0;32m  OK  [0m] Listening on LVM2 poll daemon socket.
[[0;32m  OK  [0m] Listening on fsck to fsckd communication Socket.
         Starting File System Check on Root Device...
[[0;32m  OK  [0m] Listening on Device-mapper event daemon FIFOs.
[    5.656336] Loading iSCSI transport class v2.0-870.
[[0;32m  OK  [0m] Listening on udev Kernel Socket.
[    5.670109] iscsi: registered transport (tcp)
         Starting udev Coldplug all Devices...
[[0;32m  OK  [0m] Listening on LVM2 metadata daemon socket.
         Starting Monitoring of LVM2 mirrors…ng dmeventd or progress polling...
         Starting Create list of required st…ce nodes for the current kernel...
[[0;32m  OK  [0m] Reached target Swap.
[[0;32m  OK  [0m] Started Journal Service.
[[0;32m  OK  [0m] Mounted Kernel Debug File System.
[[0;32m  OK  [0m] Mounted Huge Pages File System.
[[0;32m  OK  [0m] Started Uncomplicated firewall.
[[0;32m  OK  [0m] Mounted POSIX Message Queue File System.
[[0;32m  OK  [0m] Started Create list of required sta…vice nodes for the current kernel.
[[0;32m  OK  [0m] Started File System Check Daemon to report status.
         Starting Create Static Device Nodes in /dev...
[    5.786654] iscsi: registered transport (iser)
[[0;32m  OK  [0m] Started Load Kernel Modules.
         Mounting Kernel Configuration File System...
         Starting Apply Kernel Variables...
         Mounting FUSE Control File System...
[[0;32m  OK  [0m] Mounted Kernel Configuration File System.
[[0;32m  OK  [0m] Mounted FUSE Control File System.
[[0;32m  OK  [0m] Started LVM2 metadata daemon.
[[0;32m  OK  [0m] Started udev Coldplug all Devices.
[[0;32m  OK  [0m] Started Create Static Device Nodes in /dev.
[[0;32m  OK  [0m] Started File System Check on Root Device.
         Starting Remount Root and Kernel File Systems...
[[0;32m  OK  [0m] Started Apply Kernel Variables.
[[0;32m  OK  [0m] Started Remount Root and Kernel File Systems.
         Starting Load/Save Random Seed...
         Starting udev Kernel Device Manager...
         Starting Flush Journal to Persistent Storage...
[[0;32m  OK  [0m] Started Load/Save Random Seed.
[[0;32m  OK  [0m] Started Monitoring of LVM2 mirrors,…sing dmeventd or progress polling.
[[0;32m  OK  [0m] Started Set the console keyboard layout.
[[0;32m  OK  [0m] Reached target Local File Systems (Pre).
[[0;32m  OK  [0m] Reached target Local File Systems.
         Starting AppArmor initialization...
         Starting Set console font and keymap...
         Starting ebtables ruleset management...
         Starting Tell Plymouth To Write Out Runtime Data...
[[0;32m  OK  [0m] Started udev Kernel Device Manager.
[[0;32m  OK  [0m] Started Dispatch Password Requests to Console Directory Watch.
[[0;32m  OK  [0m] Reached target Local Encrypted Volumes.
[[0;32m  OK  [0m] Started Set console font and keymap.
[[0;32m  OK  [0m] Started Flush Journal to Persistent Storage.
         Starting Create Volatile Files and Directories...
[[0;32m  OK  [0m] Started Tell Plymouth To Write Out Runtime Data.
[[0;32m  OK  [0m] Started Create Volatile Files and Directories.
         Starting Update UTMP about System Boot/Shutdown...
[[0;32m  OK  [0m] Started Update UTMP about System Boot/Shutdown.
[[0;32m  OK  [0m] Started ebtables ruleset management.
[[0;32m  OK  [0m] Found device /dev/ttyS0.
[[0;32m  OK  [0m] Started AppArmor initialization.
[[0;32m  OK  [0m] Listening on Load/Save RF Kill Switch Status /dev/rfkill Watch.
         Starting Initial cloud-init job (pre-networking)...
         Starting Load AppArmor profiles managed internally by snapd...
         Mounting Arbitrary Executable File Formats File System...
[[0;32m  OK  [0m] Mounted Arbitrary Executable File Formats File System.
[[0;32m  OK  [0m] Started Load AppArmor profiles managed internally by snapd.
[    8.645906] cloud-init[544]: Cloud-init v. 23.1.2-0ubuntu0~18.04.1 running 'init-local' at Wed, 22 Nov 2023 06:03:45 +0000. Up 8.33 seconds.
[[0;32m  OK  [0m] Started Initial cloud-init job (pre-networking).
[[0;32m  OK  [0m] Reached target Network (Pre).
         Starting Network Service...
[[0;32m  OK  [0m] Started Network Service.
         Starting Network Name Resolution...
         Starting Wait for Network to be Configured...
[[0;32m  OK  [0m] Started Network Name Resolution.
[[0;32m  OK  [0m] Reached target Host and Network Name Lookups.
[[0;32m  OK  [0m] Reached target Network.
[[0;32m  OK  [0m] Started Wait for Network to be Configured.
         Starting Initial cloud-init job (metadata service crawler)...
[   11.152462] cloud-init[675]: Cloud-init v. 23.1.2-0ubuntu0~18.04.1 running 'init' at Wed, 22 Nov 2023 06:03:48 +0000. Up 10.94 seconds.
[   11.157122] cloud-init[675]: ci-info: ++++++++++++++++++++++++++++++++++++++Net device info+++++++++++++++++++++++++++++++++++++++
[   11.160188] cloud-init[675]: ci-info: +--------+------+-----------------------------+---------------+--------+-------------------+
[   11.162923] cloud-init[675]: ci-info: | Device |  Up  |           Address           |      Mask     | Scope  |     Hw-Address    |
[   11.166755] cloud-init[675]: ci-info: +--------+------+-----------------------------+---------------+--------+-------------------+
[   11.169160] cloud-init[675]: ci-info: | enp0s3 | True |          10.0.2.15          | 255.255.255.0 | global | 02:3b:7b:b7:3b:2d |
[   11.171382] cloud-init[675]: ci-info: | enp0s3 | True |  fe80::3b:7bff:feb7:3b2d/64 |       .       |  link  | 02:3b:7b:b7:3b:2d |
[   11.173847] cloud-init[675]: ci-info: | enp0s8 | True |        192.168.56.12        | 255.255.255.0 | global | 08:00:27:a3:f1:29 |
[   11.176127] cloud-init[675]: ci-info: | enp0s8 | True | fe80::a00:27ff:fea3:f129/64 |       .       |  link  | 08:00:27:a3:f1:29 |
[   11.178256] cloud-init[675]: ci-info: |   lo   | True |          127.0.0.1          |   255.0.0.0   |  host  |         .         |
[   11.180675] cloud-init[675]: ci-info: |   lo   | True |           ::1/128           |       .       |  host  |         .         |
[   11.183110] cloud-init[675]: ci-info: +--------+------+-----------------------------+---------------+--------+-------------------+
[   11.185590] cloud-init[675]: ci-info: +++++++++++++++++++++++++++++Route IPv4 info+++++++++++++++++++++++++++++
[   11.187617] cloud-init[675]: ci-info: +-------+--------------+----------+-----------------+-----------+-------+
[   11.190367] cloud-init[675]: ci-info: | Route | Destination  | Gateway  |     Genmask     | Interface | Flags |
[   11.193138] cloud-init[675]: ci-info: +-------+--------------+----------+-----------------+-----------+-------+
[   11.195671] cloud-init[675]: ci-info: |   0   |   0.0.0.0    | 10.0.2.2 |     0.0.0.0     |   enp0s3  |   UG  |
[   11.197545] cloud-init[675]: ci-info: |   1   |   10.0.2.0   | 0.0.0.0  |  255.255.255.0  |   enp0s3  |   U   |
[   11.199486] cloud-init[675]: ci-info: |   2   |   10.0.2.2   | 0.0.0.0  | 255.255.255.255 |   enp0s3  |   UH  |
[   11.201707] cloud-init[675]: ci-info: |   3   | 192.168.56.0 | 0.0.0.0  |  255.255.255.0  |   enp0s8  |   U   |
[   11.203979] cloud-init[675]: ci-info: +-------+--------------+----------+-----------------+-----------+-------+
[   11.206386] cloud-init[675]: ci-info: +++++++++++++++++++Route IPv6 info+++++++++++++++++++
[   11.208431] cloud-init[675]: ci-info: +-------+-------------+---------+-----------+-------+
[   11.211422] cloud-init[675]: ci-info: | Route | Destination | Gateway | Interface | Flags |
[   11.213395] cloud-init[675]: ci-info: +-------+-------------+---------+-----------+-------+
[   11.215284] cloud-init[675]: ci-info: |   1   |  fe80::/64  |    ::   |   enp0s8  |   U   |
[   11.217253] cloud-init[675]: ci-info: |   2   |  fe80::/64  |    ::   |   enp0s3  |   U   |
[   11.219281] cloud-init[675]: ci-info: |   4   |    local    |    ::   |   enp0s3  |   U   |
[   11.220972] cloud-init[675]: ci-info: |   5   |    local    |    ::   |   enp0s8  |   U   |
[   11.222593] cloud-init[675]: ci-info: |   6   |   ff00::/8  |    ::   |   enp0s8  |   U   |
[   11.224459] cloud-init[675]: ci-info: |   7   |   ff00::/8  |    ::   |   enp0s3  |   U   |
[   11.226424] cloud-init[675]: ci-info: +-------+-------------+---------+-----------+-------+
[[0;32m  OK  [0m] Started Initial cloud-init job (metadata service crawler).
[[0;32m  OK  [0m] Reached target System Initialization.
         Starting LXD - unix socket.
         Starting Docker Socket for the API.
[[0;32m  OK  [0m] Started Message of the Day.
[[0;32m  OK  [0m] Started Daily Cleanup of Temporary Directories.
         Starting Socket activation for snappy daemon.
[[0;32m  OK  [0m] Started Daily apt download activities.
[[0;32m  OK  [0m] Started Daily apt upgrade and clean activities.
[[0;32m  OK  [0m] Started ACPI Events Check.
[[0;32m  OK  [0m] Listening on ACPID Listen Socket.
[[0;32m  OK  [0m] Reached target Paths.
[[0;32m  OK  [0m] Listening on Open-iSCSI iscsid Socket.
[[0;32m  OK  [0m] Started Ubuntu Advantage Timer for running repeated jobs.
[[0;32m  OK  [0m] Listening on cloud-init hotplug hook socket.
[[0;32m  OK  [0m] Listening on D-Bus System Message Bus Socket.
[[0;32m  OK  [0m] Started Discard unused blocks once a week.
[[0;32m  OK  [0m] Reached target Timers.
[[0;32m  OK  [0m] Listening on UUID daemon activation socket.
[[0;32m  OK  [0m] Reached target Network is Online.
[[0;32m  OK  [0m] Reached target Remote File Systems (Pre).
         Starting Availability of block devices...
         Mounting /vagrant...
[[0;32m  OK  [0m] Reached target Cloud-config availability.
[[0;32m  OK  [0m] Listening on LXD - unix socket.
[[0;32m  OK  [0m] Listening on Docker Socket for the API.
[[0;32m  OK  [0m] Listening on Socket activation for snappy daemon.
[[0;32m  OK  [0m] Started Availability of block devices.
[[0;32m  OK  [0m] Reached target Sockets.
[[0;32m  OK  [0m] Reached target Basic System.
         Starting System Logging Service...
[[0;32m  OK  [0m] Started D-Bus System Message Bus.
[[0;32m  OK  [0m] Started Deferred execution scheduler.
         Starting containerd container runtime...
[[0;32m  OK  [0m] Started Regular background program processing daemon.
         Starting LSB: Record successful boot for GRUB...
         Starting Virtualbox guest utils...
         Starting Login Service...
[[0;32m  OK  [0m] Started irqbalance daemon.
         Starting OpenBSD Secure Shell server...
         Starting LXD - container startup/shutdown...
         Starting Accounts Service...
[[0;32m  OK  [0m] Started FUSE filesystem for LXC.
         Starting Dispatcher daemon for systemd-networkd...
         Starting Snap Daemon...
[[0;32m  OK  [0m] Reached target Login Prompts (Pre).
[[0;32m  OK  [0m] Started System Logging Service.
[[0;32m  OK  [0m] Mounted /vagrant.
[[0;32m  OK  [0m] Started Login Service.
[[0;32m  OK  [0m] Started OpenBSD Secure Shell server.
[[0;32m  OK  [0m] Started LXD - container startup/shutdown.
         Starting Authorization Manager...
[[0;32m  OK  [0m] Started Unattended Upgrades Shutdown.
[[0;32m  OK  [0m] Reached target Remote File Systems.
         Starting LSB: automatic crash report generation...
         Starting Permit User Sessions...
[[0;32m  OK  [0m] Started Permit User Sessions.
         Starting Terminate Plymouth Boot Screen...
         Starting Hold until boot process finishes up...
[[0;32m  OK  [0m] Started Hold until boot process finishes up.
[[0;32m  OK  [0m] Started Serial Getty on ttyS0.
         Starting Set console scheme...
[[0;32m  OK  [0m] Started Terminate Plymouth Boot Screen.
[[0;32m  OK  [0m] Started Authorization Manager.
[[0;32m  OK  [0m] Started Accounts Service.
[[0;32m  OK  [0m] Started LSB: Record successful boot for GRUB.
[[0;32m  OK  [0m] Started Virtualbox guest utils.
[[0;32m  OK  [0m] Started Set console scheme.
[[0;32m  OK  [0m] Created slice system-getty.slice.
[[0;32m  OK  [0m] Started Getty on tty1.
[[0;32m  OK  [0m] Reached target Login Prompts.
[[0;32m  OK  [0m] Started LSB: automatic crash report generation.
[[0;32m  OK  [0m] Started Dispatcher daemon for systemd-networkd.
[[0;32m  OK  [0m] Created slice User Slice of vagrant.
         Starting User Manager for UID 1000...
[[0;32m  OK  [0m] Started Session 1 of user vagrant.
[[0;32m  OK  [0m] Started User Manager for UID 1000.
[[0;32m  OK  [0m] Started Snap Daemon.
         Starting Wait until snapd is fully seeded...
[[0;32m  OK  [0m] Started containerd container runtime.
         Starting Docker Application Container Engine...
         Starting Time & Date Service...
[[0;32m  OK  [0m] Started Time & Date Service.
[[0;32m  OK  [0m] Started Wait until snapd is fully seeded.
         Starting Apply the settings specified in cloud-config...
[   14.851122] cloud-init[1213]: Cloud-init v. 23.1.2-0ubuntu0~18.04.1 running 'modules:config' at Wed, 22 Nov 2023 06:03:52 +0000. Up 14.68 seconds.
[[0;32m  OK  [0m] Started Apply the settings specified in cloud-config.
[[0;32m  OK  [0m] Started Docker Application Container Engine.
[[0;32m  OK  [0m] Reached target Multi-User System.
         Starting Execute cloud user/final scripts...
[[0;32m  OK  [0m] Reached target Graphical Interface.
         Starting Update UTMP about System Runlevel Changes...
[[0;32m  OK  [0m] Started Update UTMP about System Runlevel Changes.
[   18.097479] cloud-init[1544]: Cloud-init v. 23.1.2-0ubuntu0~18.04.1 running 'modules:final' at Wed, 22 Nov 2023 06:03:55 +0000. Up 17.88 seconds.
[   18.100809] cloud-init[1544]: Cloud-init v. 23.1.2-0ubuntu0~18.04.1 finished at Wed, 22 Nov 2023 06:03:55 +0000. Datasource DataSourceNoCloud [seed=/dev/sdb][dsmode=net].  Up 18.08 seconds

Ubuntu 18.04.6 LTS ubuntu-bionic ttyS0

ubuntu-bionic login: [[0;32m  OK  [0m] Stopped Unattended Upgrades Shutdown.
         Stopping Session 7 of user vagrant.
[[0;32m  OK  [0m] Stopped target Host and Network Name Lookups.
[[0;32m  OK  [0m] Closed Load/Save RF Kill Switch Status /dev/rfkill Watch.
         Stopping User Manager for UID 1000...
         Stopping Availability of block devices...
[[0;32m  OK  [0m] Stopped target Timers.
[[0;32m  OK  [0m] Stopped Daily Cleanup of Temporary Directories.
[[0;32m  OK  [0m] Stopped Ubuntu Advantage Timer for running repeated jobs.
[[0;32m  OK  [0m] Stopped Discard unused blocks once a week.
[[0;32m  OK  [0m] Stopped Message of the Day.
[[0;32m  OK  [0m] Stopped Daily apt upgrade and clean activities.
[[0;32m  OK  [0m] Stopped Daily apt download activities.
[[0;32m  OK  [0m] Stopped target System Time Synchronized.
         Stopping Authorization Manager...
[[0;32m  OK  [0m] Stopped target Graphical Interface.
         Stopping Accounts Service...
[[0;32m  OK  [0m] Stopped target Cloud-init target.
[[0;32m  OK  [0m] Stopped Execute cloud user/final scripts.
[[0;32m  OK  [0m] Stopped Apply the settings specified in cloud-config.
[[0;32m  OK  [0m] Stopped target Cloud-config availability.
[[0;32m  OK  [0m] Stopped target Multi-User System.
         Stopping Regular background program processing daemon...
         Stopping LSB: Record successful boot for GRUB...
         Stopping Virtualbox guest utils...
         Stopping LSB: automatic crash report generation...
[[0;32m  OK  [0m] Stopped target Login Prompts.
         Stopping Getty on tty1...
         Stopping LXD - container startup/shutdown...
         Stopping irqbalance daemon...
         Stopping Docker Application Container Engine...
         Stopping System Logging Service...
         Stopping OpenBSD Secure Shell server...
         Stopping Deferred execution scheduler...
[[0;32m  OK  [0m] Stopped Wait until snapd is fully seeded.
         Stopping D-Bus System Message Bus...
         Stopping Dispatcher daemon for systemd-networkd...
         Stopping FUSE filesystem for LXC...
         Stopping Serial Getty on ttyS0...
[[0;32m  OK  [0m] Unmounted /var/lib/lxcfs.
[[0;32m  OK  [0m] Stopped System Logging Service.
[[0;32m  OK  [0m] Stopped Deferred execution scheduler.
[[0;32m  OK  [0m] Stopped Regular background program processing daemon.
[[0;32m  OK  [0m] Stopped irqbalance daemon.
[[0;32m  OK  [0m] Stopped Accounts Service.
[[0;32m  OK  [0m] Stopped Dispatcher daemon for systemd-networkd.
[[0;32m  OK  [0m] Stopped OpenBSD Secure Shell server.
[[0;32m  OK  [0m] Stopped Authorization Manager.
[[0;32m  OK  [0m] Stopped Serial Getty on ttyS0.
[[0;32m  OK  [0m] Stopped Getty on tty1.
[[0;32m  OK  [0m] Stopped Docker Application Container Engine.
[[0;32m  OK  [0m] Stopped User Manager for UID 1000.
[[0;32m  OK  [0m] Stopped Availability of block devices.
[[0;32m  OK  [0m] Stopped D-Bus System Message Bus.
[[0;32m  OK  [0m] Stopped FUSE filesystem for LXC.
[[0;32m  OK  [0m] Stopped Session 7 of user vagrant.
[[0;32m  OK  [0m] Stopped LXD - container startup/shutdown.
[[0;32m  OK  [0m] Removed slice User Slice of vagrant.
         Stopping Login Service...
         Stopping containerd container runtime...
[[0;32m  OK  [0m] Removed slice system-getty.slice.
         Stopping Permit User Sessions...
[[0;32m  OK  [0m] Stopped target Login Prompts (Pre).
[[0;32m  OK  [0m] Removed slice system-serial\x2dgetty.slice.
[[0;32m  OK  [0m] Stopped containerd container runtime.
[[0;32m  OK  [0m] Stopped Permit User Sessions.
[[0;32m  OK  [0m] Stopped LSB: Record successful boot for GRUB.
[[0;32m  OK  [0m] Stopped LSB: automatic crash report generation.
[[0;32m  OK  [0m] Stopped Virtualbox guest utils.
[[0;32m  OK  [0m] Stopped target Remote File Systems.
         Unmounting /vagrant...
[[0;32m  OK  [0m] Stopped Login Service.
[[0;32m  OK  [0m] Stopped target User and Group Name Lookups.
[[0;32m  OK  [0m] Stopped target Basic System.
[[0;32m  OK  [0m] Stopped target Slices.
[[0;32m  OK  [0m] Removed slice User and Session Slice.
[[0;32m  OK  [0m] Stopped target Sockets.
[[0;32m  OK  [0m] Closed UUID daemon activation socket.
[[0;32m  OK  [0m] Closed ACPID Listen Socket.
[[0;32m  OK  [0m] Closed D-Bus System Message Bus Socket.
[[0;32m  OK  [0m] Closed Syslog Socket.
[[0;32m  OK  [0m] Closed Docker Socket for the API.
[[0;32m  OK  [0m] Closed cloud-init hotplug hook socket.
[[0;32m  OK  [0m] Closed LXD - unix socket.
[[0;32m  OK  [0m] Closed Open-iSCSI iscsid Socket.
[[0;32m  OK  [0m] Closed Socket activation for snappy daemon.
[[0;32m  OK  [0m] Stopped target Paths.
[[0;32m  OK  [0m] Stopped ACPI Events Check.
[[0;32m  OK  [0m] Stopped target System Initialization.
[[0;32m  OK  [0m] Stopped target Local Encrypted Volumes.
[[0;32m  OK  [0m] Stopped Forward Password Requests to Wall Directory Watch.
[[0;32m  OK  [0m] Stopped Dispatch Password Requests to Console Directory Watch.
         Stopping Update UTMP about System Boot/Shutdown...
         Stopping Load/Save Random Seed...
[[0;32m  OK  [0m] Stopped Update UTMP about System Boot/Shutdown.
[[0;32m  OK  [0m] Stopped Load/Save Random Seed.
[[0;32m  OK  [0m] Unmounted /vagrant.
[[0;32m  OK  [0m] Stopped target Network is Online.
[[0;32m  OK  [0m] Stopped Initial cloud-init job (metadata service crawler).
[[0;32m  OK  [0m] Stopped target Network.
         Stopping Network Name Resolution...
[[0;32m  OK  [0m] Stopped target Remote File Systems (Pre).
[[0;32m  OK  [0m] Stopped Network Name Resolution.
         Stopping Network Service...
[[0;32m  OK  [0m] Stopped Create Volatile Files and Directories.
[[0;32m  OK  [0m] Stopped target Local File Systems.
[[0;32m  OK  [0m] Stopped target Mounted snaps.
[[0;32m  OK  [0m] Stopped target Mounting snaps.
         Unmounting /run/user/1000...
[[0;32m  OK  [0m] Unmounted /run/user/1000.
[[0;32m  OK  [0m] Reached target Unmount All Filesystems.
[[0;32m  OK  [0m] Stopped target Swap.
[[0;32m  OK  [0m] Stopped target Local File Systems (Pre).
[[0;32m  OK  [0m] Stopped Create Static Device Nodes in /dev.
         Stopping Monitoring of LVM2 mirrors…ng dmeventd or progress polling...
[[0;32m  OK  [0m] Stopped Network Service.
[[0;32m  OK  [0m] Stopped Apply Kernel Variables.
[[0;32m  OK  [0m] Stopped Load Kernel Modules.
[[0;32m  OK  [0m] Stopped target Network (Pre).
[[0;32m  OK  [0m] Stopped Initial cloud-init job (pre-networking).
[[0;32m  OK  [0m] Stopped Remount Root and Kernel File Systems.
[[0;32m  OK  [0m] Reached target Shutdown.
[[0;32m  OK  [0m] Reached target Final Step.
         Starting Power-Off...
[[0;32m  OK  [0m] Stopped Monitoring of LVM2 mirrors,…sing dmeventd or progress polling.
         Stopping LVM2 metadata daemon...
[[0;32m  OK  [0m] Stopped LVM2 metadata daemon.
[ 2398.232981] reboot: Power down
